0 silly argv {
0 silly argv   _: [ 'create' ],
0 silly argv   lernaVersion: '3.19.0',
0 silly argv   '$0': '../../../.npm/_npx/69193/bin/lerna',
0 silly argv   name: 'frontend'
0 silly argv }
1 notice cli v3.19.0
2 verbose rootPath /Users/manan/Spaces/Projects/connect
3 warn ENOREMOTE No git remote found, skipping repository property
4 error Error: canceled
4 error     at Interface.<anonymous> (/Users/manan/.npm/_npx/69193/lib/node_modules/lerna/node_modules/read/lib/read.js:66:13)
4 error     at Interface.emit (events.js:210:5)
4 error     at Interface._ttyWrite (readline.js:887:16)
4 error     at ReadStream.onkeypress (readline.js:191:10)
4 error     at ReadStream.emit (events.js:210:5)
4 error     at emitKeys (internal/readline/utils.js:433:14)
4 error     at emitKeys.next (<anonymous>)
4 error     at ReadStream.onData (readline.js:1153:36)
4 error     at ReadStream.emit (events.js:210:5)
4 error     at addChunk (_stream_readable.js:308:12)
4 error     at readableAddChunk (_stream_readable.js:289:11)
4 error     at ReadStream.Readable.push (_stream_readable.js:223:10)
